2025-02-04 01:58:49 [info]: Server running on port 3000
2025-02-04 01:59:04 [info]: POST /api/persons
2025-02-04 01:59:13 [info]: Server running on port 3000
2025-02-04 03:47:35 [info]: Server running on port 3000
2025-02-04 03:54:20 [info]: POST /api/persons
2025-02-04 04:04:04 [info]: Server running on port 3000
2025-02-04 04:04:27 [info]: POST /api/persons
2025-02-04 04:04:27 [error]: UNHANDLED REJECTION! 💥 Shutting down...
2025-02-04 04:04:27 [error]: ZodError
2025-02-04 04:22:20 [info]: SIGTERM RECEIVED. Shutting down gracefully...
2025-02-04 04:22:24 [info]: Server running on port 3000
2025-02-04 04:22:49 [info]: POST /api/persons
2025-02-04 13:20:31 [info]: SIGTERM RECEIVED. Shutting down gracefully...
2025-02-04 13:20:31 [info]: Process terminated!
2025-02-04 15:11:25 [info]: Server running on port 3000
2025-02-04 15:11:56 [info]: Server running on port 3000
2025-02-04 15:12:27 [info]: Server running on port 3000
2025-02-04 15:12:58 [info]: Server running on port 3000
2025-02-04 15:13:29 [info]: Server running on port 3000
2025-02-04 15:14:00 [info]: Server running on port 3000
2025-02-04 15:14:31 [info]: Server running on port 3000
2025-02-04 15:15:02 [info]: Server running on port 3000
2025-02-04 15:15:33 [info]: Server running on port 3000
2025-02-04 15:16:04 [info]: Server running on port 3000
2025-02-04 15:16:35 [info]: Server running on port 3000
2025-02-04 15:17:06 [info]: Server running on port 3000
2025-02-04 15:17:37 [info]: Server running on port 3000
2025-02-04 15:18:08 [info]: Server running on port 3000
2025-02-04 15:18:39 [info]: Server running on port 3000
2025-02-04 15:19:10 [info]: Server running on port 3000
2025-02-04 15:19:41 [info]: Server running on port 3000
2025-02-04 15:20:12 [info]: Server running on port 3000
2025-02-04 15:20:43 [info]: Server running on port 3000
2025-02-04 15:21:14 [info]: Server running on port 3000
2025-02-04 15:21:45 [info]: Server running on port 3000
2025-02-04 15:22:16 [info]: Server running on port 3000
2025-02-04 15:22:47 [info]: Server running on port 3000
2025-02-04 15:23:18 [info]: Server running on port 3000
2025-02-04 15:23:49 [info]: Server running on port 3000
2025-02-04 15:24:20 [info]: Server running on port 3000
2025-02-04 15:24:51 [info]: Server running on port 3000
2025-02-04 15:25:22 [info]: Server running on port 3000
2025-02-04 15:25:53 [info]: Server running on port 3000
2025-02-04 15:26:24 [info]: Server running on port 3000
2025-02-04 15:26:55 [info]: Server running on port 3000
2025-02-04 15:27:26 [info]: Server running on port 3000
2025-02-04 15:27:57 [info]: Server running on port 3000
2025-02-04 15:28:28 [info]: Server running on port 3000
2025-02-04 15:28:59 [info]: Server running on port 3000
2025-02-04 15:29:30 [info]: Server running on port 3000
2025-02-04 15:30:01 [info]: Server running on port 3000
2025-02-04 15:30:32 [info]: Server running on port 3000
2025-02-04 15:31:03 [info]: Server running on port 3000
2025-02-04 15:31:34 [info]: Server running on port 3000
2025-02-04 15:32:05 [info]: Server running on port 3000
2025-02-04 15:32:36 [info]: Server running on port 3000
2025-02-04 15:33:07 [info]: Server running on port 3000
2025-02-04 15:33:38 [info]: Server running on port 3000
2025-02-04 15:34:08 [info]: Server running on port 3000
2025-02-04 15:34:39 [info]: Server running on port 3000
2025-02-04 15:35:10 [info]: Server running on port 3000
2025-02-04 15:35:41 [info]: Server running on port 3000
2025-02-04 15:36:12 [info]: Server running on port 3000
2025-02-04 15:36:43 [info]: Server running on port 3000
2025-02-04 15:37:14 [info]: Server running on port 3000
2025-02-04 15:37:45 [info]: Server running on port 3000
2025-02-04 15:38:16 [info]: Server running on port 3000
2025-02-04 15:38:47 [info]: Server running on port 3000
2025-02-04 15:39:18 [info]: Server running on port 3000
2025-02-04 15:39:49 [info]: Server running on port 3000
2025-02-04 15:40:20 [info]: Server running on port 3000
2025-02-04 15:40:51 [info]: Server running on port 3000
2025-02-04 15:41:22 [info]: Server running on port 3000
2025-02-04 15:41:53 [info]: Server running on port 3000
2025-02-04 15:42:24 [info]: Server running on port 3000
2025-02-04 15:42:55 [info]: Server running on port 3000
2025-02-04 15:43:26 [info]: Server running on port 3000
2025-02-04 15:43:57 [info]: Server running on port 3000
2025-02-04 15:44:28 [info]: Server running on port 3000
2025-02-04 15:44:59 [info]: Server running on port 3000
2025-02-04 15:45:30 [info]: Server running on port 3000
2025-02-04 15:46:01 [info]: Server running on port 3000
2025-02-04 15:46:32 [info]: Server running on port 3000
2025-02-04 15:47:03 [info]: Server running on port 3000
2025-02-04 15:47:34 [info]: Server running on port 3000
2025-02-04 15:48:05 [info]: Server running on port 3000
2025-02-04 15:48:36 [info]: Server running on port 3000
2025-02-04 15:49:07 [info]: Server running on port 3000
2025-02-04 15:49:38 [info]: Server running on port 3000
2025-02-04 15:50:09 [info]: Server running on port 3000
2025-02-04 15:50:40 [info]: Server running on port 3000
2025-02-04 15:51:11 [info]: Server running on port 3000
2025-02-04 15:51:42 [info]: Server running on port 3000
2025-02-04 15:52:13 [info]: Server running on port 3000
2025-02-04 15:52:44 [info]: Server running on port 3000
2025-02-04 15:53:15 [info]: Server running on port 3000
2025-02-04 15:53:46 [info]: Server running on port 3000
2025-02-04 15:54:17 [info]: Server running on port 3000
2025-02-04 15:54:48 [info]: Server running on port 3000
2025-02-04 15:55:19 [info]: Server running on port 3000
2025-02-04 15:55:50 [info]: Server running on port 3000
2025-02-04 15:56:21 [info]: Server running on port 3000
2025-02-04 15:56:52 [info]: Server running on port 3000
2025-02-04 15:57:23 [info]: Server running on port 3000
2025-02-04 15:57:54 [info]: Server running on port 3000
2025-02-04 15:58:25 [info]: Server running on port 3000
2025-02-04 15:58:56 [info]: Server running on port 3000
2025-02-04 15:59:27 [info]: Server running on port 3000
2025-02-04 15:59:58 [info]: Server running on port 3000
2025-02-04 16:00:29 [info]: Server running on port 3000
2025-02-04 16:01:00 [info]: Server running on port 3000
2025-02-04 16:01:31 [info]: Server running on port 3000
2025-02-04 16:02:02 [info]: Server running on port 3000
2025-02-04 16:02:33 [info]: Server running on port 3000
2025-02-04 16:03:04 [info]: Server running on port 3000
2025-02-04 16:03:35 [info]: Server running on port 3000
2025-02-04 16:04:06 [info]: Server running on port 3000
2025-02-04 16:04:37 [info]: Server running on port 3000
2025-02-04 16:05:08 [info]: Server running on port 3000
2025-02-04 16:05:39 [info]: Server running on port 3000
2025-02-04 16:06:10 [info]: Server running on port 3000
2025-02-04 16:06:41 [info]: Server running on port 3000
2025-02-04 16:07:12 [info]: Server running on port 3000
2025-02-04 16:07:43 [info]: Server running on port 3000
2025-02-04 16:08:14 [info]: Server running on port 3000
2025-02-04 16:08:45 [info]: Server running on port 3000
2025-02-04 16:09:15 [info]: Server running on port 3000
2025-02-04 16:09:46 [info]: Server running on port 3000
2025-02-04 16:10:17 [info]: Server running on port 3000
2025-02-04 16:10:48 [info]: Server running on port 3000
2025-02-04 16:11:19 [info]: Server running on port 3000
2025-02-04 16:11:50 [info]: Server running on port 3000
2025-02-04 16:12:21 [info]: Server running on port 3000
2025-02-04 16:12:52 [info]: Server running on port 3000
2025-02-04 16:13:22 [info]: Server running on port 3000
2025-02-04 16:13:53 [info]: Server running on port 3000
2025-02-04 16:14:24 [info]: Server running on port 3000
2025-02-04 16:14:55 [info]: Server running on port 3000
2025-02-04 16:15:26 [info]: Server running on port 3000
2025-02-04 16:15:57 [info]: Server running on port 3000
2025-02-04 16:16:28 [info]: Server running on port 3000
2025-02-04 16:16:59 [info]: Server running on port 3000
2025-02-04 16:17:29 [info]: Server running on port 3000
2025-02-04 16:18:00 [info]: Server running on port 3000
2025-02-04 16:18:31 [info]: Server running on port 3000
2025-02-04 16:19:02 [info]: Server running on port 3000
2025-02-04 16:19:33 [info]: Server running on port 3000
2025-02-04 16:20:04 [info]: Server running on port 3000
2025-02-04 16:20:35 [info]: Server running on port 3000
2025-02-04 16:21:06 [info]: Server running on port 3000
2025-02-04 16:21:36 [info]: Server running on port 3000
2025-02-04 16:22:07 [info]: Server running on port 3000
2025-02-04 16:22:38 [info]: Server running on port 3000
2025-02-04 16:23:09 [info]: Server running on port 3000
2025-02-04 16:23:40 [info]: Server running on port 3000
2025-02-04 16:24:11 [info]: Server running on port 3000
2025-02-04 16:24:42 [info]: Server running on port 3000
2025-02-04 16:25:13 [info]: Server running on port 3000
2025-02-04 16:25:43 [info]: Server running on port 3000
2025-02-04 16:26:14 [info]: Server running on port 3000
2025-02-04 16:26:45 [info]: Server running on port 3000
2025-02-04 16:27:16 [info]: Server running on port 3000
2025-02-04 16:27:47 [info]: Server running on port 3000
2025-02-04 16:28:18 [info]: Server running on port 3000
2025-02-04 16:28:49 [info]: Server running on port 3000
2025-02-04 16:29:20 [info]: Server running on port 3000
2025-02-04 16:29:51 [info]: Server running on port 3000
2025-02-04 16:30:22 [info]: Server running on port 3000
2025-02-04 16:30:52 [info]: Server running on port 3000
2025-02-04 16:31:23 [info]: Server running on port 3000
2025-02-04 16:31:54 [info]: Server running on port 3000
2025-02-04 16:32:25 [info]: Server running on port 3000
2025-02-04 16:32:56 [info]: Server running on port 3000
2025-02-04 16:33:27 [info]: Server running on port 3000
2025-02-04 16:33:58 [info]: Server running on port 3000
2025-02-04 16:34:29 [info]: Server running on port 3000
2025-02-04 16:35:00 [info]: Server running on port 3000
2025-02-04 16:35:31 [info]: Server running on port 3000
2025-02-04 16:36:02 [info]: Server running on port 3000
2025-02-04 16:36:32 [info]: Server running on port 3000
2025-02-04 16:37:03 [info]: Server running on port 3000
2025-02-04 16:37:34 [info]: Server running on port 3000
2025-02-04 16:38:05 [info]: Server running on port 3000
2025-02-04 16:38:36 [info]: Server running on port 3000
2025-02-04 16:39:07 [info]: Server running on port 3000
2025-02-04 16:39:38 [info]: Server running on port 3000
2025-02-04 16:40:09 [info]: Server running on port 3000
2025-02-04 16:40:39 [info]: Server running on port 3000
2025-02-04 16:41:10 [info]: Server running on port 3000
2025-02-04 16:41:41 [info]: Server running on port 3000
2025-02-04 16:42:12 [info]: Server running on port 3000
2025-02-04 16:42:43 [info]: Server running on port 3000
2025-02-04 16:43:14 [info]: Server running on port 3000
2025-02-04 16:43:45 [info]: Server running on port 3000
2025-02-04 16:44:16 [info]: Server running on port 3000
2025-02-04 16:44:47 [info]: Server running on port 3000
2025-02-04 16:45:17 [info]: Server running on port 3000
2025-02-04 16:45:48 [info]: Server running on port 3000
2025-02-04 16:46:19 [info]: Server running on port 3000
2025-02-04 16:46:50 [info]: Server running on port 3000
2025-02-04 16:47:21 [info]: Server running on port 3000
2025-02-04 16:47:52 [info]: Server running on port 3000
2025-02-04 16:48:23 [info]: Server running on port 3000
2025-02-04 16:48:54 [info]: Server running on port 3000
2025-02-04 16:49:24 [info]: Server running on port 3000
2025-02-04 16:49:55 [info]: Server running on port 3000
2025-02-04 16:50:26 [info]: Server running on port 3000
2025-02-04 16:50:57 [info]: Server running on port 3000
2025-02-04 16:51:28 [info]: Server running on port 3000
2025-02-04 16:51:59 [info]: Server running on port 3000
2025-02-04 16:52:30 [info]: Server running on port 3000
2025-02-04 16:53:01 [info]: Server running on port 3000
2025-02-04 16:53:32 [info]: Server running on port 3000
2025-02-04 16:54:03 [info]: Server running on port 3000
2025-02-04 16:54:34 [info]: Server running on port 3000
2025-02-04 16:55:05 [info]: Server running on port 3000
2025-02-04 16:55:36 [info]: Server running on port 3000
2025-02-04 16:56:07 [info]: Server running on port 3000
2025-02-04 16:56:37 [info]: Server running on port 3000
2025-02-04 16:57:08 [info]: Server running on port 3000
2025-02-04 16:57:39 [info]: Server running on port 3000
2025-02-04 16:58:10 [info]: Server running on port 3000
2025-02-04 16:58:41 [info]: Server running on port 3000
2025-02-04 16:59:12 [info]: Server running on port 3000
2025-02-04 16:59:43 [info]: Server running on port 3000
2025-02-04 17:00:14 [info]: Server running on port 3000
2025-02-04 17:00:45 [info]: Server running on port 3000
2025-02-04 17:01:16 [info]: Server running on port 3000
2025-02-04 17:01:47 [info]: Server running on port 3000
2025-02-04 17:02:18 [info]: Server running on port 3000
2025-02-04 17:02:48 [info]: Server running on port 3000
2025-02-04 17:03:19 [info]: Server running on port 3000
2025-02-04 17:03:50 [info]: Server running on port 3000
2025-02-04 17:04:21 [info]: Server running on port 3000
2025-02-04 17:04:52 [info]: Server running on port 3000
2025-02-04 17:05:23 [info]: Server running on port 3000
2025-02-04 17:05:54 [info]: Server running on port 3000
2025-02-04 17:06:25 [info]: Server running on port 3000
2025-02-04 17:06:56 [info]: Server running on port 3000
2025-02-04 17:07:27 [info]: Server running on port 3000
2025-02-04 17:07:58 [info]: Server running on port 3000
2025-02-04 17:08:29 [info]: Server running on port 3000
2025-02-04 17:09:00 [info]: Server running on port 3000
2025-02-04 17:09:31 [info]: Server running on port 3000
2025-02-04 17:10:02 [info]: Server running on port 3000
2025-02-04 17:10:32 [info]: Server running on port 3000
2025-02-04 17:11:03 [info]: Server running on port 3000
2025-02-04 17:11:34 [info]: Server running on port 3000
2025-02-04 17:12:05 [info]: Server running on port 3000
2025-02-04 17:12:36 [info]: Server running on port 3000
2025-02-04 17:13:07 [info]: Server running on port 3000
2025-02-04 17:13:38 [info]: Server running on port 3000
2025-02-04 17:14:09 [info]: Server running on port 3000
2025-02-04 17:14:40 [info]: Server running on port 3000
2025-02-04 17:15:11 [info]: Server running on port 3000
2025-02-04 17:15:42 [info]: Server running on port 3000
2025-02-04 17:16:13 [info]: Server running on port 3000
2025-02-04 17:16:43 [info]: Server running on port 3000
2025-02-04 17:17:14 [info]: Server running on port 3000
2025-02-04 17:17:45 [info]: Server running on port 3000
2025-02-04 17:18:16 [info]: Server running on port 3000
2025-02-04 17:18:47 [info]: Server running on port 3000
2025-02-04 17:19:18 [info]: Server running on port 3000
2025-02-04 17:19:49 [info]: Server running on port 3000
2025-02-04 17:20:20 [info]: Server running on port 3000
2025-02-04 17:20:51 [info]: Server running on port 3000
2025-02-04 17:21:22 [info]: Server running on port 3000
2025-02-04 17:21:53 [info]: Server running on port 3000
2025-02-04 17:22:24 [info]: Server running on port 3000
2025-02-04 17:22:55 [info]: Server running on port 3000
2025-02-04 17:23:26 [info]: Server running on port 3000
2025-02-04 17:23:56 [info]: Server running on port 3000
2025-02-04 17:24:27 [info]: Server running on port 3000
2025-02-04 17:24:58 [info]: Server running on port 3000
2025-02-04 17:25:29 [info]: Server running on port 3000
2025-02-04 17:26:00 [info]: Server running on port 3000
2025-02-04 17:26:31 [info]: Server running on port 3000
2025-02-04 17:27:02 [info]: Server running on port 3000
2025-02-04 17:27:33 [info]: Server running on port 3000
2025-02-04 17:28:04 [info]: Server running on port 3000
2025-02-04 17:28:35 [info]: Server running on port 3000
2025-02-04 17:29:06 [info]: Server running on port 3000
2025-02-04 17:29:37 [info]: Server running on port 3000
2025-02-04 17:30:08 [info]: Server running on port 3000
2025-02-04 17:30:39 [info]: Server running on port 3000
2025-02-04 17:31:09 [info]: Server running on port 3000
2025-02-04 17:31:40 [info]: Server running on port 3000
2025-02-04 17:32:11 [info]: Server running on port 3000
2025-02-04 17:32:42 [info]: Server running on port 3000
2025-02-04 17:33:13 [info]: Server running on port 3000
2025-02-04 17:33:44 [info]: Server running on port 3000
2025-02-04 17:34:15 [info]: Server running on port 3000
2025-02-04 17:34:46 [info]: Server running on port 3000
2025-02-04 17:35:17 [info]: Server running on port 3000
2025-02-04 17:35:48 [info]: Server running on port 3000
2025-02-04 17:36:19 [info]: Server running on port 3000
2025-02-04 17:36:50 [info]: Server running on port 3000
2025-02-04 17:37:21 [info]: Server running on port 3000
2025-02-04 17:37:51 [info]: Server running on port 3000
2025-02-04 17:38:22 [info]: Server running on port 3000
2025-02-04 17:38:53 [info]: Server running on port 3000
2025-02-04 17:39:24 [info]: Server running on port 3000
2025-02-04 17:39:55 [info]: Server running on port 3000
2025-02-04 17:40:26 [info]: Server running on port 3000
2025-02-04 17:40:57 [info]: Server running on port 3000
2025-02-04 17:41:28 [info]: Server running on port 3000
2025-02-04 17:41:59 [info]: Server running on port 3000
2025-02-04 17:42:30 [info]: Server running on port 3000
2025-02-04 17:43:01 [info]: Server running on port 3000
2025-02-04 17:43:32 [info]: Server running on port 3000
2025-02-04 17:44:02 [info]: Server running on port 3000
2025-02-04 17:44:33 [info]: Server running on port 3000
2025-02-04 17:45:04 [info]: Server running on port 3000
2025-02-04 17:45:35 [info]: Server running on port 3000
2025-02-04 17:46:06 [info]: Server running on port 3000
2025-02-04 17:46:37 [info]: Server running on port 3000
2025-02-04 17:47:08 [info]: Server running on port 3000
2025-02-04 17:47:39 [info]: Server running on port 3000
2025-02-04 17:48:10 [info]: Server running on port 3000
2025-02-04 17:48:41 [info]: Server running on port 3000
2025-02-04 17:49:12 [info]: Server running on port 3000
2025-02-04 17:49:43 [info]: Server running on port 3000
2025-02-04 17:50:14 [info]: Server running on port 3000
2025-02-04 17:50:45 [info]: Server running on port 3000
2025-02-04 17:51:15 [info]: Server running on port 3000
2025-02-04 17:51:46 [info]: Server running on port 3000
2025-02-04 17:52:17 [info]: Server running on port 3000
2025-02-04 17:52:48 [info]: Server running on port 3000
2025-02-04 17:53:19 [info]: Server running on port 3000
2025-02-04 17:53:50 [info]: Server running on port 3000
2025-02-04 17:54:21 [info]: Server running on port 3000
2025-02-04 17:54:52 [info]: Server running on port 3000
2025-02-04 17:55:23 [info]: Server running on port 3000
2025-02-04 17:55:54 [info]: Server running on port 3000
2025-02-04 17:56:25 [info]: Server running on port 3000
2025-02-04 17:56:56 [info]: Server running on port 3000
2025-02-04 17:57:26 [info]: Server running on port 3000
2025-02-04 17:57:58 [info]: Server running on port 3000
2025-02-04 17:58:29 [info]: Server running on port 3000
2025-02-04 17:59:00 [info]: Server running on port 3000
2025-02-04 17:59:30 [info]: Server running on port 3000
2025-02-04 18:00:01 [info]: Server running on port 3000
2025-02-04 18:00:32 [info]: Server running on port 3000
2025-02-04 18:01:03 [info]: Server running on port 3000
2025-02-04 18:01:34 [info]: Server running on port 3000
2025-02-04 18:02:05 [info]: Server running on port 3000
2025-02-04 18:02:36 [info]: Server running on port 3000
2025-02-04 18:03:07 [info]: Server running on port 3000
2025-02-04 18:03:38 [info]: Server running on port 3000
2025-02-04 18:04:09 [info]: Server running on port 3000
2025-02-04 18:04:40 [info]: Server running on port 3000
2025-02-04 18:05:10 [info]: Server running on port 3000
2025-02-04 18:05:41 [info]: Server running on port 3000
2025-02-04 18:06:12 [info]: Server running on port 3000
2025-02-04 18:06:43 [info]: Server running on port 3000
2025-02-04 18:07:14 [info]: Server running on port 3000
2025-02-04 18:07:45 [info]: Server running on port 3000
2025-02-04 18:08:16 [info]: Server running on port 3000
2025-02-04 18:08:47 [info]: Server running on port 3000
2025-02-04 18:09:18 [info]: Server running on port 3000
2025-02-04 18:09:49 [info]: Server running on port 3000
2025-02-04 18:10:20 [info]: Server running on port 3000
2025-02-04 18:10:51 [info]: Server running on port 3000
2025-02-04 18:11:22 [info]: Server running on port 3000
2025-02-04 18:11:52 [info]: Server running on port 3000
2025-02-04 18:12:23 [info]: Server running on port 3000
2025-02-04 18:12:54 [info]: Server running on port 3000
2025-02-04 18:13:25 [info]: Server running on port 3000
2025-02-04 18:13:56 [info]: Server running on port 3000
2025-02-04 18:14:27 [info]: Server running on port 3000
2025-02-04 18:14:58 [info]: Server running on port 3000
2025-02-04 18:15:29 [info]: Server running on port 3000
2025-02-04 18:16:00 [info]: Server running on port 3000
2025-02-04 18:16:31 [info]: Server running on port 3000
2025-02-04 18:17:02 [info]: Server running on port 3000
2025-02-04 18:17:33 [info]: Server running on port 3000
2025-02-04 18:18:04 [info]: Server running on port 3000
2025-02-04 18:18:35 [info]: Server running on port 3000
2025-02-04 18:19:06 [info]: Server running on port 3000
2025-02-04 18:19:37 [info]: Server running on port 3000
2025-02-04 18:20:07 [info]: Server running on port 3000
2025-02-04 18:20:38 [info]: Server running on port 3000
2025-02-04 18:21:09 [info]: Server running on port 3000
2025-02-04 18:21:40 [info]: Server running on port 3000
2025-02-04 18:22:11 [info]: Server running on port 3000
2025-02-04 18:22:42 [info]: Server running on port 3000
2025-02-04 18:23:14 [info]: Server running on port 3000
2025-02-04 18:23:45 [info]: Server running on port 3000
2025-02-04 18:24:16 [info]: Server running on port 3000
2025-02-04 18:24:47 [info]: Server running on port 3000
2025-02-04 18:25:18 [info]: Server running on port 3000
2025-02-04 18:25:49 [info]: Server running on port 3000
2025-02-04 18:26:20 [info]: Server running on port 3000
2025-02-04 18:26:51 [info]: Server running on port 3000
2025-02-04 18:27:22 [info]: Server running on port 3000
2025-02-04 18:27:53 [info]: Server running on port 3000
2025-02-04 18:28:24 [info]: Server running on port 3000
2025-02-04 18:28:55 [info]: Server running on port 3000
2025-02-04 18:29:26 [info]: Server running on port 3000
2025-02-04 18:29:57 [info]: Server running on port 3000
2025-02-04 18:30:28 [info]: Server running on port 3000
2025-02-04 18:30:59 [info]: Server running on port 3000
2025-02-04 18:31:30 [info]: Server running on port 3000
2025-02-04 18:32:01 [info]: Server running on port 3000
2025-02-04 18:32:32 [info]: Server running on port 3000
2025-02-04 18:33:03 [info]: Server running on port 3000
2025-02-04 18:33:34 [info]: Server running on port 3000
2025-02-04 18:34:05 [info]: Server running on port 3000
2025-02-04 18:34:36 [info]: Server running on port 3000
2025-02-04 18:35:07 [info]: Server running on port 3000
2025-02-04 18:35:38 [info]: Server running on port 3000
2025-02-04 18:36:09 [info]: Server running on port 3000
2025-02-04 18:36:40 [info]: Server running on port 3000
2025-02-04 18:37:11 [info]: Server running on port 3000
2025-02-04 18:37:42 [info]: Server running on port 3000
2025-02-04 18:38:13 [info]: Server running on port 3000
2025-02-04 18:38:43 [info]: Server running on port 3000
2025-02-04 18:39:14 [info]: Server running on port 3000
2025-02-04 18:39:45 [info]: Server running on port 3000
2025-02-04 18:40:16 [info]: Server running on port 3000
2025-02-04 18:40:47 [info]: Server running on port 3000
2025-02-04 18:41:18 [info]: Server running on port 3000
2025-02-04 18:41:49 [info]: Server running on port 3000
2025-02-04 18:42:20 [info]: Server running on port 3000
2025-02-04 18:42:51 [info]: Server running on port 3000
2025-02-04 18:43:22 [info]: Server running on port 3000
2025-02-04 18:43:53 [info]: Server running on port 3000
2025-02-04 18:44:24 [info]: Server running on port 3000
2025-02-04 18:44:55 [info]: Server running on port 3000
2025-02-04 18:45:26 [info]: Server running on port 3000
2025-02-04 18:45:57 [info]: Server running on port 3000
2025-02-04 18:46:28 [info]: Server running on port 3000
2025-02-04 18:46:59 [info]: Server running on port 3000
2025-02-04 18:47:30 [info]: Server running on port 3000
2025-02-04 18:48:01 [info]: Server running on port 3000
2025-02-04 18:48:31 [info]: Server running on port 3000
2025-02-04 18:49:02 [info]: Server running on port 3000
2025-02-04 18:49:33 [info]: Server running on port 3000
2025-02-04 18:50:04 [info]: Server running on port 3000
2025-02-04 18:50:35 [info]: Server running on port 3000
2025-02-04 18:51:06 [info]: Server running on port 3000
2025-02-04 18:51:37 [info]: Server running on port 3000
2025-02-04 18:52:08 [info]: Server running on port 3000
2025-02-04 18:52:39 [info]: Server running on port 3000
2025-02-04 18:53:10 [info]: Server running on port 3000
2025-02-04 18:53:41 [info]: Server running on port 3000
2025-02-04 18:54:12 [info]: Server running on port 3000
2025-02-04 18:54:43 [info]: Server running on port 3000
2025-02-04 18:55:14 [info]: Server running on port 3000
2025-02-04 18:55:45 [info]: Server running on port 3000
2025-02-04 18:56:16 [info]: Server running on port 3000
2025-02-04 18:56:47 [info]: Server running on port 3000
2025-02-04 18:57:18 [info]: Server running on port 3000
2025-02-04 18:57:49 [info]: Server running on port 3000
2025-02-04 18:58:20 [info]: Server running on port 3000
2025-02-04 18:58:50 [info]: Server running on port 3000
2025-02-04 18:59:21 [info]: Server running on port 3000
2025-02-04 18:59:52 [info]: Server running on port 3000
2025-02-04 19:00:23 [info]: Server running on port 3000
2025-02-04 19:00:54 [info]: Server running on port 3000
2025-02-04 19:01:25 [info]: Server running on port 3000
2025-02-04 19:01:56 [info]: Server running on port 3000
2025-02-04 19:02:26 [info]: Server running on port 3000
2025-02-04 19:02:57 [info]: Server running on port 3000
2025-02-04 19:03:28 [info]: Server running on port 3000
2025-02-04 19:03:59 [info]: Server running on port 3000
2025-02-04 19:04:30 [info]: Server running on port 3000
2025-02-04 19:05:01 [info]: Server running on port 3000
2025-02-04 19:05:32 [info]: Server running on port 3000
2025-02-04 19:06:03 [info]: Server running on port 3000
2025-02-04 19:06:34 [info]: Server running on port 3000
2025-02-04 19:07:05 [info]: Server running on port 3000
2025-02-04 19:07:35 [info]: Server running on port 3000
2025-02-04 19:08:06 [info]: Server running on port 3000
2025-02-04 19:08:37 [info]: Server running on port 3000
2025-02-04 19:09:08 [info]: Server running on port 3000
2025-02-04 19:09:39 [info]: Server running on port 3000
2025-02-04 19:10:10 [info]: Server running on port 3000
2025-02-04 19:10:41 [info]: Server running on port 3000
2025-02-04 19:11:12 [info]: Server running on port 3000
2025-02-04 19:11:42 [info]: Server running on port 3000
2025-02-04 19:12:13 [info]: Server running on port 3000
2025-02-04 19:12:44 [info]: Server running on port 3000
2025-02-04 19:13:15 [info]: Server running on port 3000
2025-02-04 19:13:46 [info]: Server running on port 3000
2025-02-04 19:14:17 [info]: Server running on port 3000
2025-02-04 19:14:48 [info]: Server running on port 3000
2025-02-04 19:15:19 [info]: Server running on port 3000
2025-02-04 19:15:49 [info]: Server running on port 3000
2025-02-04 19:16:20 [info]: Server running on port 3000
2025-02-04 19:16:51 [info]: Server running on port 3000
2025-02-04 19:17:22 [info]: Server running on port 3000
2025-02-04 19:17:53 [info]: Server running on port 3000
2025-02-04 19:18:24 [info]: Server running on port 3000
2025-02-04 19:18:55 [info]: Server running on port 3000
2025-02-04 19:19:26 [info]: Server running on port 3000
2025-02-04 19:19:56 [info]: Server running on port 3000
2025-02-04 19:20:27 [info]: Server running on port 3000
2025-02-04 19:20:58 [info]: Server running on port 3000
2025-02-04 19:21:29 [info]: Server running on port 3000
2025-02-04 19:22:00 [info]: Server running on port 3000
2025-02-04 19:22:31 [info]: Server running on port 3000
2025-02-04 19:23:02 [info]: Server running on port 3000
2025-02-04 19:23:33 [info]: Server running on port 3000
2025-02-04 19:24:03 [info]: Server running on port 3000
2025-02-04 19:24:34 [info]: Server running on port 3000
2025-02-04 19:25:05 [info]: Server running on port 3000
2025-02-04 19:25:36 [info]: Server running on port 3000
2025-02-04 19:26:07 [info]: Server running on port 3000
2025-02-04 19:26:38 [info]: Server running on port 3000
2025-02-04 19:27:09 [info]: Server running on port 3000
2025-02-04 19:27:40 [info]: Server running on port 3000
2025-02-04 19:28:10 [info]: Server running on port 3000
2025-02-04 19:28:41 [info]: Server running on port 3000
2025-02-04 19:29:12 [info]: Server running on port 3000
2025-02-04 19:29:43 [info]: Server running on port 3000
2025-02-04 19:30:14 [info]: Server running on port 3000
2025-02-04 19:30:45 [info]: Server running on port 3000
2025-02-04 19:31:16 [info]: Server running on port 3000
2025-02-04 19:31:47 [info]: Server running on port 3000
2025-02-04 19:32:17 [info]: Server running on port 3000
2025-02-04 19:32:48 [info]: Server running on port 3000
2025-02-04 19:33:19 [info]: Server running on port 3000
2025-02-04 19:33:50 [info]: Server running on port 3000
2025-02-04 19:34:21 [info]: Server running on port 3000
2025-02-04 19:34:52 [info]: Server running on port 3000
2025-02-04 19:35:23 [info]: Server running on port 3000
2025-02-04 19:35:54 [info]: Server running on port 3000
2025-02-04 19:36:25 [info]: Server running on port 3000
2025-02-04 19:36:56 [info]: Server running on port 3000
2025-02-04 19:37:26 [info]: Server running on port 3000
2025-02-04 19:37:57 [info]: Server running on port 3000
2025-02-04 19:38:28 [info]: Server running on port 3000
2025-02-04 19:38:59 [info]: Server running on port 3000
2025-02-04 19:39:30 [info]: Server running on port 3000
2025-02-04 19:40:01 [info]: Server running on port 3000
2025-02-04 19:40:32 [info]: Server running on port 3000
2025-02-04 19:41:03 [info]: Server running on port 3000
2025-02-04 19:41:34 [info]: Server running on port 3000
2025-02-04 19:42:05 [info]: Server running on port 3000
2025-02-04 19:42:35 [info]: Server running on port 3000
2025-02-04 19:43:06 [info]: Server running on port 3000
2025-02-04 19:43:37 [info]: Server running on port 3000
2025-02-04 19:44:08 [info]: Server running on port 3000
2025-02-04 19:44:39 [info]: Server running on port 3000
2025-02-04 19:45:10 [info]: Server running on port 3000
2025-02-04 19:45:41 [info]: Server running on port 3000
2025-02-04 19:46:12 [info]: Server running on port 3000
2025-02-04 19:46:43 [info]: Server running on port 3000
2025-02-04 19:47:14 [info]: Server running on port 3000
2025-02-04 19:47:45 [info]: Server running on port 3000
2025-02-04 19:48:16 [info]: Server running on port 3000
2025-02-04 19:48:47 [info]: Server running on port 3000
2025-02-04 19:49:18 [info]: Server running on port 3000
2025-02-04 19:49:48 [info]: Server running on port 3000
2025-02-04 19:50:19 [info]: Server running on port 3000
2025-02-04 19:50:50 [info]: Server running on port 3000
2025-02-04 19:51:21 [info]: Server running on port 3000
2025-02-04 19:51:52 [info]: Server running on port 3000
2025-02-04 19:52:23 [info]: Server running on port 3000
2025-02-04 19:52:54 [info]: Server running on port 3000
2025-02-04 19:53:25 [info]: Server running on port 3000
2025-02-04 19:53:56 [info]: Server running on port 3000
2025-02-04 19:54:27 [info]: Server running on port 3000
2025-02-04 19:54:58 [info]: Server running on port 3000
2025-02-04 19:55:29 [info]: Server running on port 3000
2025-02-04 19:56:00 [info]: Server running on port 3000
2025-02-04 19:56:30 [info]: Server running on port 3000
2025-02-04 19:57:01 [info]: Server running on port 3000
2025-02-04 19:57:32 [info]: Server running on port 3000
2025-02-04 19:58:03 [info]: Server running on port 3000
2025-02-04 19:58:34 [info]: Server running on port 3000
2025-02-04 19:59:05 [info]: Server running on port 3000
2025-02-04 19:59:36 [info]: Server running on port 3000
2025-02-04 20:00:07 [info]: Server running on port 3000
2025-02-04 20:00:38 [info]: Server running on port 3000
2025-02-04 20:01:09 [info]: Server running on port 3000
2025-02-04 20:01:40 [info]: Server running on port 3000
2025-02-04 20:02:11 [info]: Server running on port 3000
2025-02-04 20:02:41 [info]: Server running on port 3000
2025-02-04 20:03:12 [info]: Server running on port 3000
2025-02-04 20:03:43 [info]: Server running on port 3000
2025-02-04 20:04:14 [info]: Server running on port 3000
2025-02-04 20:04:45 [info]: Server running on port 3000
2025-02-04 20:05:16 [info]: Server running on port 3000
2025-02-04 20:05:47 [info]: Server running on port 3000
2025-02-04 20:06:18 [info]: Server running on port 3000
2025-02-04 20:06:49 [info]: Server running on port 3000
2025-02-04 20:07:20 [info]: Server running on port 3000
2025-02-04 20:07:50 [info]: Server running on port 3000
2025-02-04 20:08:21 [info]: Server running on port 3000
2025-02-04 20:08:52 [info]: Server running on port 3000
2025-02-04 20:09:23 [info]: Server running on port 3000
2025-02-04 20:09:54 [info]: Server running on port 3000
2025-02-04 20:10:25 [info]: Server running on port 3000
2025-02-04 20:10:56 [info]: Server running on port 3000
2025-02-04 20:11:27 [info]: Server running on port 3000
2025-02-04 20:11:58 [info]: Server running on port 3000
2025-02-04 20:12:29 [info]: Server running on port 3000
2025-02-04 20:12:59 [info]: Server running on port 3000
2025-02-04 20:13:30 [info]: Server running on port 3000
2025-02-04 20:14:02 [info]: Server running on port 3000
2025-02-04 20:14:33 [info]: Server running on port 3000
2025-02-04 20:14:56 [info]: SIGTERM RECEIVED. Shutting down gracefully...
2025-02-04 20:14:56 [info]: Process terminated!
